<?xml version="1.0" encoding="UTF-8"?>
<testng-results skipped="0" failed="0" total="1" passed="1">
  <reporter-output>
  </reporter-output>
  <suite name="ActiTimeTests" duration-ms="19421" started-at="2019-12-10T13:23:25Z" finished-at="2019-12-10T13:23:45Z">
    <groups>
    </groups>
    <test name="SmokeSuite" duration-ms="19421" started-at="2019-12-10T13:23:25Z" finished-at="2019-12-10T13:23:45Z">
      <class name="com.selenium.tests.LoginTests">
        <test-method status="PASS" signature="beforeTest()[pri:0, instance:com.selenium.tests.LoginTests@7ca48474]" name="beforeTest" is-config="true" duration-ms="32" started-at="2019-12-10T18:53:25Z" finished-at="2019-12-10T18:53:25Z">
          <reporter-output>
          </reporter-output>
        </test-method> <!-- beforeTest -->
        <test-method status="PASS" signature="beforeClass()[pri:0, instance:com.selenium.tests.LoginTests@7ca48474]" name="beforeClass" is-config="true" duration-ms="1" started-at="2019-12-10T18:53:25Z" finished-at="2019-12-10T18:53:25Z">
          <reporter-output>
          </reporter-output>
        </test-method> <!-- beforeClass -->
        <test-method status="PASS" signature="launchBrowser()[pri:0, instance:com.selenium.tests.LoginTests@7ca48474]" name="launchBrowser" is-config="true" duration-ms="11799" started-at="2019-12-10T18:53:25Z" finished-at="2019-12-10T18:53:37Z">
          <reporter-output>
          </reporter-output>
        </test-method> <!-- launchBrowser -->
        <test-method status="PASS" signature="login_001()[pri:0, instance:com.selenium.tests.LoginTests@7ca48474]" name="login_001" duration-ms="6801" started-at="2019-12-10T18:53:37Z" finished-at="2019-12-10T18:53:44Z">
          <reporter-output>
          </reporter-output>
        </test-method> <!-- login_001 -->
        <test-method status="PASS" signature="closeBrowser()[pri:0, instance:com.selenium.tests.LoginTests@7ca48474]" name="closeBrowser" is-config="true" duration-ms="612" started-at="2019-12-10T18:53:44Z" finished-at="2019-12-10T18:53:45Z">
          <reporter-output>
          </reporter-output>
        </test-method> <!-- closeBrowser -->
        <test-method status="PASS" signature="afterClass()[pri:0, instance:com.selenium.tests.LoginTests@7ca48474]" name="afterClass" is-config="true" duration-ms="1" started-at="2019-12-10T18:53:45Z" finished-at="2019-12-10T18:53:45Z">
          <reporter-output>
          </reporter-output>
        </test-method> <!-- afterClass -->
        <test-method status="PASS" signature="afterTest()[pri:0, instance:com.selenium.tests.LoginTests@7ca48474]" name="afterTest" is-config="true" duration-ms="20" started-at="2019-12-10T18:53:45Z" finished-at="2019-12-10T18:53:45Z">
          <reporter-output>
          </reporter-output>
        </test-method> <!-- afterTest -->
      </class> <!-- com.selenium.tests.LoginTests -->
    </test> <!-- SmokeSuite -->
  </suite> <!-- ActiTimeTests -->
</testng-results>
